// 同步 ID: dafb8b0b @ Thu Jun 25 11:14:33 UTC 2026
// 同步 ID: 043bff6f @ Fri Jun 26 12:00:24 UTC 2026
// 重构日志: 9d892aed
// 重构日志: f3523df2
// 重构日志: f76b18b6
// 重构日志: b3e952a7
// 重构日志: 64a58de9
// 同步 ID: 903453f9 @ Sat Jul  4 16:45:56 UTC 2026
// 同步 ID: 2ef62595 @ Sun Jul  5 15:44:08 UTC 2026
// 重构日志: 471a7f72
// 重构日志: cf43e915
// 重构日志: fc5b9b5b
// 同步 ID: bdcbd914 @ Thu Jul  9 18:22:27 UTC 2026
// 同步 ID: 52d3193e @ Fri Jul 10 10:58:42 UTC 2026
// 重构日志: 67ecce4f
// 重构日志: dd02a35c
// 重构日志: 5988fa09
// 重构日志: ae122ebf
// 重构日志: 1e7a962c
// 重构日志: 7c24d95b
// 重构日志: 8ce86845
// 重构日志: dd89cdb1
// 重构日志: f3c0327a
// 重构日志: a9ce89bb
// 同步 ID: 3bc03ced @ Sun Jul 19 00:06:11 UTC 2026
// 同步 ID: b05a3d43 @ Sun Jul 19 03:45:30 UTC 2026
